2025-03-28 12:55:08,748 - get_kso_data_from_s3 - INFO - AWS Credentials loaded. Bucket: marine-buv
2025-03-28 12:55:08,991 - get_kso_data_from_s3 - INFO - Attempting to read annotations from S3
2025-03-28 12:55:10,315 - get_kso_data_from_s3 - INFO - Successfully read annotations. Shape: (1595, 7)
2025-03-28 12:55:10,315 - get_kso_data_from_s3 - INFO - Attempting to read movies from S3
2025-03-28 12:55:10,585 - get_kso_data_from_s3 - INFO - Successfully read movies. Shape: (567, 25)
2025-03-28 12:55:10,586 - get_kso_data_from_s3 - INFO - Attempting to read sites from S3
2025-03-28 12:55:10,713 - get_kso_data_from_s3 - INFO - Successfully read sites. Shape: (559, 17)
2025-03-28 12:55:10,717 - get_kso_data_from_s3 - INFO - Attempting to read surveys from S3
2025-03-28 12:55:10,830 - get_kso_data_from_s3 - INFO - Successfully read surveys. Shape: (57, 27)
2025-03-28 12:55:10,830 - get_kso_data_from_s3 - INFO - Attempting to read species from S3
2025-03-28 12:55:10,959 - get_kso_data_from_s3 - INFO - Successfully read species. Shape: (195, 7)
2025-03-28 12:55:10,971 - get_kso_data_from_s3 - ERROR - Failed to process annotations dataframe: 'tuple' object has no attribute 'shape'
2025-03-28 12:57:38,491 - get_kso_data_from_s3 - INFO - AWS Credentials loaded. Bucket: marine-buv
2025-03-28 12:57:38,502 - get_kso_data_from_s3 - INFO - Attempting to read annotations from S3
2025-03-28 12:58:09,659 - get_kso_data_from_s3 - ERROR - Failed to process S3 file spyfish_metadata/kso_csvs/annotations_buv_doc.csv: Could not connect to the endpoint URL: "https://marine-buv.s3.amazonaws.com/spyfish_metadata/kso_csvs/annotations_buv_doc.csv"
2025-03-28 12:58:09,659 - get_kso_data_from_s3 - ERROR - Failed to read annotations: Could not download or read file spyfish_metadata/kso_csvs/annotations_buv_doc.csv
2025-03-28 12:58:24,560 - get_kso_data_from_s3 - INFO - AWS Credentials loaded. Bucket: marine-buv
2025-03-28 12:58:24,567 - get_kso_data_from_s3 - INFO - Attempting to read annotations from S3
2025-03-28 12:58:25,509 - get_kso_data_from_s3 - INFO - Successfully read annotations. Shape: (1595, 7)
2025-03-28 12:58:25,510 - get_kso_data_from_s3 - INFO - Attempting to read movies from S3
2025-03-28 12:58:25,643 - get_kso_data_from_s3 - INFO - Successfully read movies. Shape: (567, 25)
2025-03-28 12:58:25,644 - get_kso_data_from_s3 - INFO - Attempting to read sites from S3
2025-03-28 12:58:25,736 - get_kso_data_from_s3 - INFO - Successfully read sites. Shape: (559, 17)
2025-03-28 12:58:25,737 - get_kso_data_from_s3 - INFO - Attempting to read surveys from S3
2025-03-28 12:58:25,799 - get_kso_data_from_s3 - INFO - Successfully read surveys. Shape: (57, 27)
2025-03-28 12:58:25,800 - get_kso_data_from_s3 - INFO - Attempting to read species from S3
2025-03-28 12:58:25,861 - get_kso_data_from_s3 - INFO - Successfully read species. Shape: (195, 7)
2025-03-28 12:58:25,885 - get_kso_data_from_s3 - INFO - Successfully processed annotations dataframe. Shape: (126, 76)
2025-03-28 12:58:25,892 - get_kso_data_from_s3 - INFO - Processed annotations dataframe saved to 'processed_annotations.csv'
2025-03-28 13:07:45,619 - get_kso_data_from_s3 - INFO - AWS Credentials loaded. Bucket: marine-buv
2025-03-28 13:07:45,624 - get_kso_data_from_s3 - INFO - Attempting to read annotations from S3
2025-03-28 13:07:46,496 - get_kso_data_from_s3 - INFO - Successfully read annotations. Shape: (1595, 7)
2025-03-28 13:07:46,497 - get_kso_data_from_s3 - INFO - Attempting to read movies from S3
2025-03-28 13:07:46,659 - get_kso_data_from_s3 - INFO - Successfully read movies. Shape: (567, 25)
2025-03-28 13:07:46,660 - get_kso_data_from_s3 - INFO - Attempting to read sites from S3
2025-03-28 13:07:46,764 - get_kso_data_from_s3 - INFO - Successfully read sites. Shape: (559, 17)
2025-03-28 13:07:46,765 - get_kso_data_from_s3 - INFO - Attempting to read surveys from S3
2025-03-28 13:07:46,824 - get_kso_data_from_s3 - INFO - Successfully read surveys. Shape: (57, 27)
2025-03-28 13:07:46,825 - get_kso_data_from_s3 - INFO - Attempting to read species from S3
2025-03-28 13:07:46,900 - get_kso_data_from_s3 - INFO - Successfully read species. Shape: (195, 7)
2025-03-28 13:07:46,910 - get_kso_data_from_s3 - INFO - Successfully processed annotations dataframe. Shape: (126, 76)
2025-03-28 13:07:46,914 - get_kso_data_from_s3 - INFO - Processed annotations dataframe saved to 'processed_annotations.csv'
2025-03-28 13:07:59,365 - get_kso_data_from_s3 - INFO - AWS Credentials loaded. Bucket: marine-buv
2025-03-28 13:07:59,372 - get_kso_data_from_s3 - INFO - Attempting to read annotations from S3
2025-03-28 13:08:00,727 - get_kso_data_from_s3 - INFO - Successfully read annotations. Shape: (1595, 7)
2025-03-28 13:08:00,728 - get_kso_data_from_s3 - INFO - Attempting to read movies from S3
2025-03-28 13:08:00,873 - get_kso_data_from_s3 - INFO - Successfully read movies. Shape: (567, 25)
2025-03-28 13:08:00,874 - get_kso_data_from_s3 - INFO - Attempting to read sites from S3
2025-03-28 13:08:01,021 - get_kso_data_from_s3 - INFO - Successfully read sites. Shape: (559, 17)
2025-03-28 13:08:01,022 - get_kso_data_from_s3 - INFO - Attempting to read surveys from S3
2025-03-28 13:08:01,136 - get_kso_data_from_s3 - INFO - Successfully read surveys. Shape: (57, 27)
2025-03-28 13:08:01,136 - get_kso_data_from_s3 - INFO - Attempting to read species from S3
2025-03-28 13:08:01,237 - get_kso_data_from_s3 - INFO - Successfully read species. Shape: (195, 7)
2025-03-28 13:08:01,247 - get_kso_data_from_s3 - INFO - Successfully processed annotations dataframe. Shape: (126, 76)
2025-03-28 13:08:01,252 - get_kso_data_from_s3 - INFO - Processed annotations dataframe saved to 'processed_annotations.csv'
2025-03-28 13:12:36,603 - get_kso_data_from_s3 - INFO - AWS Credentials loaded. Bucket: marine-buv
2025-03-28 13:12:36,872 - get_kso_data_from_s3 - INFO - Attempting to read annotations from S3
2025-03-28 13:12:38,374 - get_kso_data_from_s3 - INFO - Successfully read annotations. Shape: (1595, 7)
2025-03-28 13:12:38,390 - get_kso_data_from_s3 - INFO - Attempting to read movies from S3
2025-03-28 13:12:38,504 - get_kso_data_from_s3 - INFO - Successfully read movies. Shape: (567, 25)
2025-03-28 13:12:38,504 - get_kso_data_from_s3 - INFO - Attempting to read sites from S3
2025-03-28 13:12:38,583 - get_kso_data_from_s3 - INFO - Successfully read sites. Shape: (559, 17)
2025-03-28 13:12:38,583 - get_kso_data_from_s3 - INFO - Attempting to read surveys from S3
2025-03-28 13:12:38,639 - get_kso_data_from_s3 - INFO - Successfully read surveys. Shape: (57, 27)
2025-03-28 13:12:38,639 - get_kso_data_from_s3 - INFO - Attempting to read species from S3
2025-03-28 13:12:38,702 - get_kso_data_from_s3 - INFO - Successfully read species. Shape: (195, 7)
2025-03-28 13:12:38,708 - get_kso_data_from_s3 - INFO - Successfully processed annotations dataframe. Shape: (126, 76)
2025-03-28 13:12:38,720 - get_kso_data_from_s3 - INFO - Processed annotations dataframe saved to 'processed_annotations.csv'
2025-03-28 13:13:45,592 - get_kso_data_from_s3 - INFO - AWS Credentials loaded. Bucket: marine-buv
2025-03-28 13:13:45,659 - get_kso_data_from_s3 - INFO - Attempting to read annotations from S3
2025-03-28 13:13:46,736 - get_kso_data_from_s3 - INFO - Successfully read annotations. Shape: (1595, 7)
2025-03-28 13:13:46,737 - get_kso_data_from_s3 - INFO - Attempting to read movies from S3
2025-03-28 13:13:46,865 - get_kso_data_from_s3 - INFO - Successfully read movies. Shape: (567, 25)
2025-03-28 13:13:46,866 - get_kso_data_from_s3 - INFO - Attempting to read sites from S3
2025-03-28 13:13:46,954 - get_kso_data_from_s3 - INFO - Successfully read sites. Shape: (559, 17)
2025-03-28 13:13:46,955 - get_kso_data_from_s3 - INFO - Attempting to read surveys from S3
2025-03-28 13:13:47,051 - get_kso_data_from_s3 - INFO - Successfully read surveys. Shape: (57, 27)
2025-03-28 13:13:47,052 - get_kso_data_from_s3 - INFO - Attempting to read species from S3
2025-03-28 13:13:47,124 - get_kso_data_from_s3 - INFO - Successfully read species. Shape: (195, 7)
2025-03-28 13:13:47,132 - get_kso_data_from_s3 - INFO - Successfully processed annotations dataframe. Shape: (126, 76)
2025-03-28 13:13:47,137 - get_kso_data_from_s3 - INFO - Processed annotations dataframe saved to 'processed_annotations.csv'
2025-03-28 13:17:56,462 - get_kso_data_from_s3 - INFO - AWS Credentials loaded. Bucket: marine-buv
2025-03-28 13:17:56,751 - get_kso_data_from_s3 - INFO - Attempting to read annotations from S3
2025-03-28 13:17:57,756 - get_kso_data_from_s3 - INFO - Successfully read annotations. Shape: (1595, 7)
2025-03-28 13:17:57,756 - get_kso_data_from_s3 - INFO - Attempting to read movies from S3
2025-03-28 13:17:57,870 - get_kso_data_from_s3 - INFO - Successfully read movies. Shape: (567, 25)
2025-03-28 13:17:57,870 - get_kso_data_from_s3 - INFO - Attempting to read sites from S3
2025-03-28 13:17:57,940 - get_kso_data_from_s3 - INFO - Successfully read sites. Shape: (559, 17)
2025-03-28 13:17:57,941 - get_kso_data_from_s3 - INFO - Attempting to read surveys from S3
2025-03-28 13:17:58,002 - get_kso_data_from_s3 - INFO - Successfully read surveys. Shape: (57, 27)
2025-03-28 13:17:58,002 - get_kso_data_from_s3 - INFO - Attempting to read species from S3
2025-03-28 13:17:58,054 - get_kso_data_from_s3 - INFO - Successfully read species. Shape: (195, 7)
2025-03-28 13:17:58,073 - get_kso_data_from_s3 - INFO - Successfully processed annotations dataframe. Shape: (126, 76)
2025-03-28 13:17:58,078 - get_kso_data_from_s3 - INFO - Processed annotations dataframe saved to 'processed_annotations.csv'
2025-03-28 13:19:07,692 - get_kso_data_from_s3 - INFO - AWS Credentials loaded. Bucket: marine-buv
2025-03-28 13:19:07,761 - get_kso_data_from_s3 - INFO - Attempting to read annotations from S3
2025-03-28 13:19:08,776 - get_kso_data_from_s3 - INFO - Successfully read annotations. Shape: (1595, 7)
2025-03-28 13:19:08,777 - get_kso_data_from_s3 - INFO - Attempting to read movies from S3
2025-03-28 13:19:08,888 - get_kso_data_from_s3 - INFO - Successfully read movies. Shape: (567, 25)
2025-03-28 13:19:08,889 - get_kso_data_from_s3 - INFO - Attempting to read sites from S3
2025-03-28 13:19:08,964 - get_kso_data_from_s3 - INFO - Successfully read sites. Shape: (559, 17)
2025-03-28 13:19:08,965 - get_kso_data_from_s3 - INFO - Attempting to read surveys from S3
2025-03-28 13:19:09,025 - get_kso_data_from_s3 - INFO - Successfully read surveys. Shape: (57, 27)
2025-03-28 13:19:09,025 - get_kso_data_from_s3 - INFO - Attempting to read species from S3
2025-03-28 13:19:09,083 - get_kso_data_from_s3 - INFO - Successfully read species. Shape: (195, 7)
2025-03-28 13:19:09,093 - get_kso_data_from_s3 - INFO - Successfully processed annotations dataframe. Shape: (126, 76)
2025-03-28 13:19:09,097 - get_kso_data_from_s3 - INFO - Processed annotations dataframe saved to 'processed_annotations.csv'
2025-03-28 13:32:43,874 - get_kso_data_from_s3 - INFO - AWS Credentials loaded. Bucket: marine-buv
2025-03-28 13:32:44,145 - get_kso_data_from_s3 - INFO - Attempting to read annotations from S3
2025-03-28 13:32:45,628 - get_kso_data_from_s3 - INFO - Successfully read annotations. Shape: (1595, 7)
2025-03-28 13:32:45,628 - get_kso_data_from_s3 - INFO - Attempting to read movies from S3
2025-03-28 13:32:45,841 - get_kso_data_from_s3 - INFO - Successfully read movies. Shape: (567, 25)
2025-03-28 13:32:45,842 - get_kso_data_from_s3 - INFO - Attempting to read sites from S3
2025-03-28 13:32:45,932 - get_kso_data_from_s3 - INFO - Successfully read sites. Shape: (559, 17)
2025-03-28 13:32:45,933 - get_kso_data_from_s3 - INFO - Attempting to read surveys from S3
2025-03-28 13:32:46,038 - get_kso_data_from_s3 - INFO - Successfully read surveys. Shape: (57, 27)
2025-03-28 13:32:46,039 - get_kso_data_from_s3 - INFO - Attempting to read species from S3
2025-03-28 13:32:46,141 - get_kso_data_from_s3 - INFO - Successfully read species. Shape: (195, 7)
2025-03-28 13:32:46,151 - get_kso_data_from_s3 - INFO - Successfully processed annotations dataframe. Shape: (126, 76)
